/home/dz/Hosting/install/offboard_control/lib/python3.12/site-packages/offboard_control/offboard_control_2.py
/home/dz/Hosting/install/offboard_control/lib/python3.12/site-packages/offboard_control/offboard_control.py
/home/dz/Hosting/install/offboard_control/lib/python3.12/site-packages/offboard_control/offboard_control_1.py
/home/dz/Hosting/install/offboard_control/lib/python3.12/site-packages/offboard_control/__init__.py
/home/dz/Hosting/install/offboard_control/lib/python3.12/site-packages/offboard_control/offboard_control_fuzzy.py
/home/dz/Hosting/install/offboard_control/lib/python3.12/site-packages/offboard_control/__pycache__/offboard_control_2.cpython-312.pyc
/home/dz/Hosting/install/offboard_control/lib/python3.12/site-packages/offboard_control/__pycache__/offboard_control.cpython-312.pyc
/home/dz/Hosting/install/offboard_control/lib/python3.12/site-packages/offboard_control/__pycache__/offboard_control_1.cpython-312.pyc
/home/dz/Hosting/install/offboard_control/lib/python3.12/site-packages/offboard_control/__pycache__/__init__.cpython-312.pyc
/home/dz/Hosting/install/offboard_control/lib/python3.12/site-packages/offboard_control/__pycache__/offboard_control_fuzzy.cpython-312.pyc
/home/dz/Hosting/install/offboard_control/share/ament_index/resource_index/packages/offboard_control
/home/dz/Hosting/install/offboard_control/share/offboard_control/package.xml
/home/dz/Hosting/install/offboard_control/lib/python3.12/site-packages/offboard_control-0.0.0-py3.12.egg-info/SOURCES.txt
/home/dz/Hosting/install/offboard_control/lib/python3.12/site-packages/offboard_control-0.0.0-py3.12.egg-info/entry_points.txt
/home/dz/Hosting/install/offboard_control/lib/python3.12/site-packages/offboard_control-0.0.0-py3.12.egg-info/PKG-INFO
/home/dz/Hosting/install/offboard_control/lib/python3.12/site-packages/offboard_control-0.0.0-py3.12.egg-info/requires.txt
/home/dz/Hosting/install/offboard_control/lib/python3.12/site-packages/offboard_control-0.0.0-py3.12.egg-info/top_level.txt
/home/dz/Hosting/install/offboard_control/lib/python3.12/site-packages/offboard_control-0.0.0-py3.12.egg-info/dependency_links.txt
/home/dz/Hosting/install/offboard_control/lib/python3.12/site-packages/offboard_control-0.0.0-py3.12.egg-info/zip-safe
/home/dz/Hosting/install/offboard_control/lib/offboard_control/offboard_control
/home/dz/Hosting/install/offboard_control/lib/offboard_control/offboard_control_1
/home/dz/Hosting/install/offboard_control/lib/offboard_control/offboard_control_2
/home/dz/Hosting/install/offboard_control/lib/offboard_control/offboard_control_fuzzy
