[0.727s] Invoking command in '/home/dz/Hosting/src/offboard_control': DEBUGINFOD_URLS=https://debuginfod.ubuntu.com PYTHONPATH=/home/dz/Hosting/build/offboard_control/prefix_override:/usr/lib/python3/dist-packages/colcon_core/task/python/colcon_distutils_commands:/home/dz/Hosting/install/offboard_control/lib/python3.12/site-packages:${PYTHONPATH} /usr/bin/python3 -W ignore:setup.py install is deprecated -W ignore:easy_install command is deprecated setup.py egg_info --egg-base ../../build/offboard_control build --build-base /home/dz/Hosting/build/offboard_control/build install --record /home/dz/Hosting/build/offboard_control/install.log --single-version-externally-managed install_data
[0.960s] running egg_info
[0.977s] writing ../../build/offboard_control/offboard_control.egg-info/PKG-INFO
[0.978s] writing dependency_links to ../../build/offboard_control/offboard_control.egg-info/dependency_links.txt
[0.979s] writing entry points to ../../build/offboard_control/offboard_control.egg-info/entry_points.txt
[0.979s] writing requirements to ../../build/offboard_control/offboard_control.egg-info/requires.txt
[0.979s] writing top-level names to ../../build/offboard_control/offboard_control.egg-info/top_level.txt
[1.019s] reading manifest file '../../build/offboard_control/offboard_control.egg-info/SOURCES.txt'
[1.020s] writing manifest file '../../build/offboard_control/offboard_control.egg-info/SOURCES.txt'
[1.020s] running build
[1.020s] running build_py
[1.020s] running install
[1.025s] running install_lib
[1.045s] running install_data
[1.045s] running install_egg_info
[1.063s] removing '/home/dz/Hosting/install/offboard_control/lib/python3.12/site-packages/offboard_control-0.0.0-py3.12.egg-info' (and everything under it)
[1.063s] Copying ../../build/offboard_control/offboard_control.egg-info to /home/dz/Hosting/install/offboard_control/lib/python3.12/site-packages/offboard_control-0.0.0-py3.12.egg-info
[1.064s] running install_scripts
[1.164s] Installing offboard_control script to /home/dz/Hosting/install/offboard_control/lib/offboard_control
[1.165s] Installing offboard_control_1 script to /home/dz/Hosting/install/offboard_control/lib/offboard_control
[1.165s] Installing offboard_control_2 script to /home/dz/Hosting/install/offboard_control/lib/offboard_control
[1.165s] Installing offboard_control_fuzzy script to /home/dz/Hosting/install/offboard_control/lib/offboard_control
[1.165s] writing list of installed files to '/home/dz/Hosting/build/offboard_control/install.log'
[1.198s] Invoked command in '/home/dz/Hosting/src/offboard_control' returned '0': DEBUGINFOD_URLS=https://debuginfod.ubuntu.com PYTHONPATH=/home/dz/Hosting/build/offboard_control/prefix_override:/usr/lib/python3/dist-packages/colcon_core/task/python/colcon_distutils_commands:/home/dz/Hosting/install/offboard_control/lib/python3.12/site-packages:${PYTHONPATH} /usr/bin/python3 -W ignore:setup.py install is deprecated -W ignore:easy_install command is deprecated setup.py egg_info --egg-base ../../build/offboard_control build --build-base /home/dz/Hosting/build/offboard_control/build install --record /home/dz/Hosting/build/offboard_control/install.log --single-version-externally-managed install_data
