[0.658s] Invoking command in '/home/dz/Hosting/src/offboard_control': DEBUGINFOD_URLS=https://debuginfod.ubuntu.com PYTHONPATH=/home/dz/Hosting/build/offboard_control/prefix_override:/usr/lib/python3/dist-packages/colcon_core/task/python/colcon_distutils_commands:/home/dz/Hosting/install/offboard_control/lib/python3.12/site-packages:${PYTHONPATH} /usr/bin/python3 -W ignore:setup.py install is deprecated -W ignore:easy_install command is deprecated setup.py egg_info --egg-base ../../build/offboard_control build --build-base /home/dz/Hosting/build/offboard_control/build install --record /home/dz/Hosting/build/offboard_control/install.log --single-version-externally-managed install_data
[0.889s] running egg_info
[0.903s] writing ../../build/offboard_control/offboard_control.egg-info/PKG-INFO
[0.903s] writing dependency_links to ../../build/offboard_control/offboard_control.egg-info/dependency_links.txt
[0.903s] writing entry points to ../../build/offboard_control/offboard_control.egg-info/entry_points.txt
[0.903s] writing requirements to ../../build/offboard_control/offboard_control.egg-info/requires.txt
[0.903s] writing top-level names to ../../build/offboard_control/offboard_control.egg-info/top_level.txt
[0.933s] reading manifest file '../../build/offboard_control/offboard_control.egg-info/SOURCES.txt'
[0.934s] writing manifest file '../../build/offboard_control/offboard_control.egg-info/SOURCES.txt'
[0.934s] running build
[0.934s] running build_py
[0.934s] running install
[0.938s] running install_lib
[0.954s] running install_data
[0.954s] running install_egg_info
[0.969s] removing '/home/dz/Hosting/install/offboard_control/lib/python3.12/site-packages/offboard_control-0.0.0-py3.12.egg-info' (and everything under it)
[0.970s] Copying ../../build/offboard_control/offboard_control.egg-info to /home/dz/Hosting/install/offboard_control/lib/python3.12/site-packages/offboard_control-0.0.0-py3.12.egg-info
[0.970s] running install_scripts
[1.066s] Installing offboard_control script to /home/dz/Hosting/install/offboard_control/lib/offboard_control
[1.066s] Installing offboard_control_1 script to /home/dz/Hosting/install/offboard_control/lib/offboard_control
[1.066s] Installing offboard_control_2 script to /home/dz/Hosting/install/offboard_control/lib/offboard_control
[1.066s] Installing offboard_control_fuzzy script to /home/dz/Hosting/install/offboard_control/lib/offboard_control
[1.067s] writing list of installed files to '/home/dz/Hosting/build/offboard_control/install.log'
[1.091s] Invoked command in '/home/dz/Hosting/src/offboard_control' returned '0': DEBUGINFOD_URLS=https://debuginfod.ubuntu.com PYTHONPATH=/home/dz/Hosting/build/offboard_control/prefix_override:/usr/lib/python3/dist-packages/colcon_core/task/python/colcon_distutils_commands:/home/dz/Hosting/install/offboard_control/lib/python3.12/site-packages:${PYTHONPATH} /usr/bin/python3 -W ignore:setup.py install is deprecated -W ignore:easy_install command is deprecated setup.py egg_info --egg-base ../../build/offboard_control build --build-base /home/dz/Hosting/build/offboard_control/build install --record /home/dz/Hosting/build/offboard_control/install.log --single-version-externally-managed install_data
